Arguments: 
  D:\nodejs\tools\nodejs\node.exe C:\Users\Administrator\AppData\Roaming\npm\node_modules\yarn\bin\yarn.js add prop-types

PATH: 
  C:\ProgramData\Oracle\Java\javapath;C:\Windows\system32;C:\Windows;C:\Windows\System32\Wbem;C:\Windows\System32\WindowsPowerShell\v1.0\;c:\Program Files (x86)\Microsoft SQL Server\100\Tools\Binn\;c:\Program Files\Microsoft SQL Server\100\Tools\Binn\;c:\Program Files\Microsoft SQL Server\100\DTS\Binn\;C:\Program Files\Microsoft SQL Server\120\DTS\Binn\;C:\Program Files\Microsoft SQL Server\Client SDK\ODBC\110\Tools\Binn\;C:\Program Files (x86)\Microsoft SQL Server\120\Tools\Binn\;C:\Program Files\Microsoft SQL Server\120\Tools\Binn\;C:\Program Files (x86)\Microsoft SQL Server\120\Tools\Binn\ManagementStudio\;C:\Program Files (x86)\Microsoft SQL Server\120\DTS\Binn\;D:\nodejs\tools\nodejs\;D:\anzhuo\java\bin;D:\anzhuo\adt-bundle-windows-x86-20131030\adt-bundle-windows-x86-20131030\sdk\tools;D:\anzhuo\adt-bundle-windows-x86-20131030\adt-bundle-windows-x86-20131030\sdk\build-tools;C:\Program Files\JetBrains\WebStorm 2019.1\bin;;C:\Users\Administrator\AppData\Roaming\npm;F:\vscode\Microsoft VS Code\bin

Yarn version: 
  1.15.2

Node version: 
  10.15.3

Platform: 
  win32 x64

Trace: 
  Error: ENOENT: no such file or directory, copyfile 'C:\Users\Administrator\AppData\Local\Yarn\Cache\v4\npm-inherits-2.0.1-b17d08d326b4423e568eff719f91b0b1cbdf69f1\node_modules\inherits\inherits.js' -> 'F:\xiangmu\webpack-cnpm\node_modules\assert\node_modules\inherits\inherits.js'

npm manifest: 
  {
    "name": "webpack-cnpm",
    "version": "1.0.0",
    "description": "",
    "main": "index.js",
    "scripts": {
      "test": "echo \"Error: no test specified\" && exit 1",
      "dev": "webpack-dev-server --open chrome --port 3000 --hot --host 127.0.0.1 "
    },
    "keywords": [],
    "author": "",
    "license": "ISC",
    "devDependencies": {
      "babel-core": "^6.26.3",
      "babel-loader": "^7.1.5",
      "babel-plugin-transform-runtime": "^6.23.0",
      "babel-preset-env": "^1.7.0",
      "babel-preset-react": "^6.24.1",
      "babel-preset-stage-0": "^6.24.1",
      "css-loader": "^2.1.1",
      "file-loader": "^3.0.1",
      "html-webpack-plugin": "^3.2.0",
      "node-sass": "^4.12.0",
      "react": "^16.8.6",
      "sass-loader": "^7.1.0",
      "style-loader": "^0.23.1",
      "url-loader": "^1.1.2",
      "webpack": "^4.30.0",
      "webpack-cli": "^3.3.1",
      "webpack-dev-server": "^3.3.1"
    },
    "dependencies": {
      "bootstrap": "^3.3.7",
      "lodash": "^4.17.11",
      "react": "^16.8.6",
      "react-dom": "^16.8.6"
    }
  }

yarn manifest: 
  No manifest

Lockfile: 
  No lockfile
